2026-03-28 23:21:46,339 [INFO] ============================================================
2026-03-28 23:21:46,340 [INFO]   SPECIMEN LINKAGE — PLA_3dPrinter_RESISTENCE
2026-03-28 23:21:46,340 [INFO] ============================================================
2026-03-28 23:21:46,341 [INFO] 
[1/7] Inventario de fuentes de linkage
2026-03-28 23:21:46,342 [INFO] === FASE 1: Inventario de fuentes para linkage ===
2026-03-28 23:21:46,419 [INFO]   Compressivedata_cleaned.csv: rows~169686 | has_id=True | type=timeseries_compressive
2026-03-28 23:21:46,422 [INFO]   Propiedades_Extraidas_cleaned.csv: rows~100 | has_id=True | type=summary_table
2026-03-28 23:21:46,426 [INFO]   FDM_Dataset_cleaned.csv: rows~50 | has_id=False | type=process_parameters
2026-03-28 23:21:46,428 [INFO]   data_cleaned.csv: rows~50 | has_id=False | type=process_result_tensile
2026-03-28 23:21:46,450 [INFO]   TensiondataA_cleaned.csv: rows~26228 | has_id=True | type=timeseries_tension
2026-03-28 23:21:46,460 [INFO]   TensiondataB_cleaned.csv: rows~5514 | has_id=True | type=timeseries_tension
2026-03-28 23:21:46,460 [INFO]   Normalization/config/column_mappings.json: auxiliary source | type=metadata
2026-03-28 23:21:46,461 [INFO]   Normalization/config/file_registry.json: auxiliary source | type=metadata
2026-03-28 23:21:46,462 [INFO]   model_data_audit/artifacts/candidate_targets/candidate_A_compressive_only.csv: auxiliary source | type=derived_compressive_dataset
2026-03-28 23:21:46,463 [INFO]   data/Proyecto_Machine_Learning/printer_dataset.py: auxiliary source | type=analysis_script
2026-03-28 23:21:46,466 [INFO] Inventario completo: 10 fuentes inspeccionadas.
2026-03-28 23:21:46,466 [INFO] 
[2/7] Registro maestro de probetas compresivas
2026-03-28 23:21:46,467 [INFO] === FASE 2: Registro maestro de probetas compresivas ===
2026-03-28 23:21:46,470 [INFO]   Loaded 35 specimens from candidate_A.
2026-03-28 23:21:46,476 [INFO]   Master registry created: 35 specimens.
2026-03-28 23:21:46,477 [INFO] 
[3/7] Parseo y normalización de IDs de probeta
2026-03-28 23:21:46,478 [INFO] === FASE 3: Parseo y normalización de IDs de probeta ===
2026-03-28 23:21:46,478 [DEBUG]   G29A: struct=gyroid | num=29 | replica=A
2026-03-28 23:21:46,479 [DEBUG]   G29B: struct=gyroid | num=29 | replica=B
2026-03-28 23:21:46,480 [DEBUG]   G29C: struct=gyroid | num=29 | replica=C
2026-03-28 23:21:46,481 [DEBUG]   G29D: struct=gyroid | num=29 | replica=D
2026-03-28 23:21:46,481 [DEBUG]   G42A: struct=gyroid | num=42 | replica=A
2026-03-28 23:21:46,482 [DEBUG]   G42B: struct=gyroid | num=42 | replica=B
2026-03-28 23:21:46,482 [DEBUG]   G42C: struct=gyroid | num=42 | replica=C
2026-03-28 23:21:46,483 [DEBUG]   G42D: struct=gyroid | num=42 | replica=D
2026-03-28 23:21:46,484 [DEBUG]   G62A: struct=gyroid | num=62 | replica=A
2026-03-28 23:21:46,484 [DEBUG]   G62B: struct=gyroid | num=62 | replica=B
2026-03-28 23:21:46,485 [DEBUG]   G62C: struct=gyroid | num=62 | replica=C
2026-03-28 23:21:46,485 [DEBUG]   G62D: struct=gyroid | num=62 | replica=D
2026-03-28 23:21:46,486 [DEBUG]   H36A: struct=honeycomb | num=36 | replica=A
2026-03-28 23:21:46,486 [DEBUG]   H36B: struct=honeycomb | num=36 | replica=B
2026-03-28 23:21:46,487 [DEBUG]   H36C: struct=honeycomb | num=36 | replica=C
2026-03-28 23:21:46,487 [DEBUG]   H36D: struct=honeycomb | num=36 | replica=D
2026-03-28 23:21:46,487 [DEBUG]   H36E: struct=honeycomb | num=36 | replica=E
2026-03-28 23:21:46,488 [DEBUG]   H44A: struct=honeycomb | num=44 | replica=A
2026-03-28 23:21:46,489 [DEBUG]   H44B: struct=honeycomb | num=44 | replica=B
2026-03-28 23:21:46,489 [DEBUG]   H44C: struct=honeycomb | num=44 | replica=C
2026-03-28 23:21:46,490 [DEBUG]   H44D: struct=honeycomb | num=44 | replica=D
2026-03-28 23:21:46,490 [DEBUG]   H67A: struct=honeycomb | num=67 | replica=A
2026-03-28 23:21:46,491 [DEBUG]   H67B: struct=honeycomb | num=67 | replica=B
2026-03-28 23:21:46,491 [DEBUG]   H67C: struct=honeycomb | num=67 | replica=C
2026-03-28 23:21:46,491 [DEBUG]   H67D: struct=honeycomb | num=67 | replica=D
2026-03-28 23:21:46,492 [DEBUG]   T24A: struct=triply_periodic | num=24 | replica=A
2026-03-28 23:21:46,492 [DEBUG]   T24B: struct=triply_periodic | num=24 | replica=B
2026-03-28 23:21:46,493 [DEBUG]   T37A: struct=triply_periodic | num=37 | replica=A
2026-03-28 23:21:46,494 [DEBUG]   T37B: struct=triply_periodic | num=37 | replica=B
2026-03-28 23:21:46,494 [DEBUG]   T37C: struct=triply_periodic | num=37 | replica=C
2026-03-28 23:21:46,495 [DEBUG]   T37D: struct=triply_periodic | num=37 | replica=D
2026-03-28 23:21:46,495 [DEBUG]   T45QA: struct=triply_periodic | num=45 | replica=Q
2026-03-28 23:21:46,496 [DEBUG]   T45QB: struct=triply_periodic | num=45 | replica=Q
2026-03-28 23:21:46,496 [DEBUG]   TQ45C: struct=triply_periodic | num=45 | replica=C
2026-03-28 23:21:46,497 [DEBUG]   TQ45D: struct=triply_periodic | num=45 | replica=D
2026-03-28 23:21:46,503 [INFO]   Prefix 'G' (gyroid): unique numerics = [29, 42, 62]
2026-03-28 23:21:46,504 [INFO]   Prefix 'H' (honeycomb): unique numerics = [36, 44, 67]
2026-03-28 23:21:46,504 [INFO]   Prefix 'T' (triply_periodic): unique numerics = [24, 37, 45]
2026-03-28 23:21:46,505 [INFO]   Prefix 'TQ' (triply_periodic): unique numerics = [45]
2026-03-28 23:21:46,507 [INFO]   Parsed 35 IDs. Anomalies: 2.
2026-03-28 23:21:46,507 [INFO] 
[4/7] Inferencia de features enlazables
2026-03-28 23:21:46,508 [INFO] === FASE 4: Inferencia de features enlazables por probeta ===
2026-03-28 23:21:46,518 [DEBUG]   G29A: 5 features linked, 10 missing
2026-03-28 23:21:46,518 [DEBUG]   G29B: 5 features linked, 10 missing
2026-03-28 23:21:46,519 [DEBUG]   G29C: 5 features linked, 10 missing
2026-03-28 23:21:46,519 [DEBUG]   G29D: 5 features linked, 10 missing
2026-03-28 23:21:46,519 [DEBUG]   G42A: 5 features linked, 10 missing
2026-03-28 23:21:46,520 [DEBUG]   G42B: 5 features linked, 10 missing
2026-03-28 23:21:46,520 [DEBUG]   G42C: 5 features linked, 10 missing
2026-03-28 23:21:46,521 [DEBUG]   G42D: 5 features linked, 10 missing
2026-03-28 23:21:46,521 [DEBUG]   G62A: 5 features linked, 10 missing
2026-03-28 23:21:46,521 [DEBUG]   G62B: 5 features linked, 10 missing
2026-03-28 23:21:46,522 [DEBUG]   G62C: 5 features linked, 10 missing
2026-03-28 23:21:46,522 [DEBUG]   G62D: 5 features linked, 10 missing
2026-03-28 23:21:46,522 [DEBUG]   H36A: 5 features linked, 10 missing
2026-03-28 23:21:46,523 [DEBUG]   H36B: 5 features linked, 10 missing
2026-03-28 23:21:46,523 [DEBUG]   H36C: 5 features linked, 10 missing
2026-03-28 23:21:46,523 [DEBUG]   H36D: 5 features linked, 10 missing
2026-03-28 23:21:46,523 [DEBUG]   H36E: 5 features linked, 10 missing
2026-03-28 23:21:46,524 [DEBUG]   H44A: 5 features linked, 10 missing
2026-03-28 23:21:46,524 [DEBUG]   H44B: 5 features linked, 10 missing
2026-03-28 23:21:46,524 [DEBUG]   H44C: 5 features linked, 10 missing
2026-03-28 23:21:46,525 [DEBUG]   H44D: 5 features linked, 10 missing
2026-03-28 23:21:46,525 [DEBUG]   H67A: 5 features linked, 10 missing
2026-03-28 23:21:46,526 [DEBUG]   H67B: 5 features linked, 10 missing
2026-03-28 23:21:46,526 [DEBUG]   H67C: 5 features linked, 10 missing
2026-03-28 23:21:46,526 [DEBUG]   H67D: 5 features linked, 10 missing
2026-03-28 23:21:46,527 [DEBUG]   T24A: 5 features linked, 10 missing
2026-03-28 23:21:46,527 [DEBUG]   T24B: 5 features linked, 10 missing
2026-03-28 23:21:46,527 [DEBUG]   T37A: 5 features linked, 10 missing
2026-03-28 23:21:46,527 [DEBUG]   T37B: 5 features linked, 10 missing
2026-03-28 23:21:46,528 [DEBUG]   T37C: 5 features linked, 10 missing
2026-03-28 23:21:46,528 [DEBUG]   T37D: 5 features linked, 10 missing
2026-03-28 23:21:46,528 [DEBUG]   T45QA: 5 features linked, 10 missing
2026-03-28 23:21:46,529 [DEBUG]   T45QB: 5 features linked, 10 missing
2026-03-28 23:21:46,529 [DEBUG]   TQ45C: 4 features linked, 10 missing
2026-03-28 23:21:46,530 [DEBUG]   TQ45D: 4 features linked, 10 missing
2026-03-28 23:21:46,537 [INFO]   Feature inference complete: 35 specimens.
2026-03-28 23:21:46,537 [INFO] 
[5/7] Validación y clasificación de enlaces
2026-03-28 23:21:46,538 [INFO] === FASE 5: Validación y clasificación de enlaces ===
2026-03-28 23:21:46,538 [INFO]   G29A: probable_link | exact=3 | probable=2 | missing_critical=5
2026-03-28 23:21:46,539 [INFO]   G29B: probable_link | exact=3 | probable=2 | missing_critical=5
2026-03-28 23:21:46,539 [INFO]   G29C: probable_link | exact=3 | probable=2 | missing_critical=5
2026-03-28 23:21:46,540 [INFO]   G29D: probable_link | exact=3 | probable=2 | missing_critical=5
2026-03-28 23:21:46,540 [INFO]   G42A: probable_link | exact=3 | probable=2 | missing_critical=5
2026-03-28 23:21:46,541 [INFO]   G42B: probable_link | exact=3 | probable=2 | missing_critical=5
2026-03-28 23:21:46,541 [INFO]   G42C: probable_link | exact=3 | probable=2 | missing_critical=5
2026-03-28 23:21:46,541 [INFO]   G42D: probable_link | exact=3 | probable=2 | missing_critical=5
2026-03-28 23:21:46,542 [INFO]   G62A: probable_link | exact=3 | probable=2 | missing_critical=5
2026-03-28 23:21:46,542 [INFO]   G62B: probable_link | exact=3 | probable=2 | missing_critical=5
2026-03-28 23:21:46,543 [INFO]   G62C: probable_link | exact=3 | probable=2 | missing_critical=5
2026-03-28 23:21:46,543 [INFO]   G62D: probable_link | exact=3 | probable=2 | missing_critical=5
2026-03-28 23:21:46,543 [INFO]   H36A: probable_link | exact=3 | probable=2 | missing_critical=5
2026-03-28 23:21:46,544 [INFO]   H36B: probable_link | exact=3 | probable=2 | missing_critical=5
2026-03-28 23:21:46,544 [INFO]   H36C: probable_link | exact=3 | probable=2 | missing_critical=5
2026-03-28 23:21:46,545 [INFO]   H36D: probable_link | exact=3 | probable=2 | missing_critical=5
2026-03-28 23:21:46,545 [INFO]   H36E: probable_link | exact=3 | probable=2 | missing_critical=5
2026-03-28 23:21:46,545 [INFO]   H44A: probable_link | exact=3 | probable=2 | missing_critical=5
2026-03-28 23:21:46,546 [INFO]   H44B: probable_link | exact=3 | probable=2 | missing_critical=5
2026-03-28 23:21:46,546 [INFO]   H44C: probable_link | exact=3 | probable=2 | missing_critical=5
2026-03-28 23:21:46,546 [INFO]   H44D: probable_link | exact=3 | probable=2 | missing_critical=5
2026-03-28 23:21:46,547 [INFO]   H67A: probable_link | exact=3 | probable=2 | missing_critical=5
2026-03-28 23:21:46,547 [INFO]   H67B: probable_link | exact=3 | probable=2 | missing_critical=5
2026-03-28 23:21:46,548 [INFO]   H67C: probable_link | exact=3 | probable=2 | missing_critical=5
2026-03-28 23:21:46,548 [INFO]   H67D: probable_link | exact=3 | probable=2 | missing_critical=5
2026-03-28 23:21:46,548 [INFO]   T24A: probable_link | exact=3 | probable=2 | missing_critical=5
2026-03-28 23:21:46,549 [INFO]   T24B: probable_link | exact=3 | probable=2 | missing_critical=5
2026-03-28 23:21:46,549 [INFO]   T37A: probable_link | exact=3 | probable=2 | missing_critical=5
2026-03-28 23:21:46,549 [INFO]   T37B: probable_link | exact=3 | probable=2 | missing_critical=5
2026-03-28 23:21:46,550 [INFO]   T37C: probable_link | exact=3 | probable=2 | missing_critical=5
2026-03-28 23:21:46,550 [INFO]   T37D: probable_link | exact=3 | probable=2 | missing_critical=5
2026-03-28 23:21:46,550 [INFO]   T45QA: probable_link | exact=3 | probable=2 | missing_critical=5
2026-03-28 23:21:46,550 [INFO]   T45QB: probable_link | exact=3 | probable=2 | missing_critical=5
2026-03-28 23:21:46,551 [INFO]   TQ45C: probable_link | exact=3 | probable=1 | missing_critical=5
2026-03-28 23:21:46,551 [INFO]   TQ45D: probable_link | exact=3 | probable=1 | missing_critical=5
2026-03-28 23:21:46,551 [INFO]   Classification: exact=0 | probable=35 | weak=0 | unresolved=0
2026-03-28 23:21:46,560 [INFO] 
[6/7] Construcción del dataset final de modelado
2026-03-28 23:21:46,560 [INFO] === FASE 6: Construcción del dataset final de modelado ===
2026-03-28 23:21:46,573 [INFO]   High-confidence dataset: 35 specimens → data\linked_dataset\high_confidence_dataset.csv
2026-03-28 23:21:46,574 [INFO]   Expanded dataset: 35 specimens → data\linked_dataset\expanded_with_caution_dataset.csv
2026-03-28 23:21:46,574 [INFO]   Unresolved: 0 specimens → data\data\unresolved\unresolved_specimens.csv
2026-03-28 23:21:46,575 [INFO] 
[7/7] Exportación de reportes y artefactos
2026-03-28 23:21:46,575 [INFO] === Exportando reportes y artefactos de linkage ===
2026-03-28 23:21:46,585 [INFO]   Todos los reportes exportados.
2026-03-28 23:21:46,586 [INFO] 
============================================================
2026-03-28 23:21:46,586 [INFO]   LINKAGE COMPLETADO
2026-03-28 23:21:46,587 [INFO]   Especímenes en registro: 35
2026-03-28 23:21:46,587 [INFO]   Link counts: {'exact_link': 0, 'probable_link': 35, 'weak_link': 0, 'unresolved': 0}
2026-03-28 23:21:46,587 [INFO]   Dataset high_confidence: 35 filas
2026-03-28 23:21:46,588 [INFO]   Dataset expanded: 35 filas
2026-03-28 23:21:46,588 [INFO]   Casos no resueltos: 0
2026-03-28 23:21:46,589 [INFO] ============================================================
2026-03-28 23:21:46,589 [INFO] 
  >> BLOQUEO PARCIALMENTE LEVANTADO: 35 especímenes en high_confidence con 9 features. Modelado exploratorio habilitado. Advertencia: sin parámetros de proceso FDM el modelo solo puede analizar estructura y parámetro de diseño.
