2026-03-28 22:32:50,057 - INFO - === INICIANDO PIPELINE DE EDA ===
2026-03-28 22:32:50,063 - INFO - Cargado: FDM_Dataset.csv con 50 filas.
2026-03-28 22:32:50,793 - INFO - Cargado: Compressivedata.csv con 169686 filas.
2026-03-28 22:32:50,807 - INFO - Cargado: TensiondataB.csv con 5514 filas.
2026-03-28 22:32:50,809 - INFO - Cargado: Propiedades_Extraidas.csv con 100 filas.
2026-03-28 22:32:50,901 - INFO - Cargado: TensiondataA.csv con 26228 filas.
2026-03-28 22:32:50,903 - INFO - Cargado: data.csv con 50 filas.
2026-03-28 22:32:50,904 - INFO - Computando overview de los datasets...
2026-03-28 22:32:50,985 - INFO - Analizando nulos...
2026-03-28 22:32:51,072 - INFO - Analizando numéricas y generando figuras clave...
2026-03-28 22:32:52,673 - ERROR - FALLO CRÍTICO EN PIPELINE EDA: [Errno 2] No such file or directory: 'figures\\TensiondataB_strain_[mm\\mm]_dist.png'
2026-03-28 22:33:27,179 - INFO - === INICIANDO PIPELINE DE EDA ===
2026-03-28 22:33:27,183 - INFO - Cargado: FDM_Dataset.csv con 50 filas.
2026-03-28 22:33:27,782 - INFO - Cargado: Compressivedata.csv con 169686 filas.
2026-03-28 22:33:27,794 - INFO - Cargado: TensiondataB.csv con 5514 filas.
2026-03-28 22:33:27,797 - INFO - Cargado: Propiedades_Extraidas.csv con 100 filas.
2026-03-28 22:33:27,893 - INFO - Cargado: TensiondataA.csv con 26228 filas.
2026-03-28 22:33:27,895 - INFO - Cargado: data.csv con 50 filas.
2026-03-28 22:33:27,895 - INFO - Computando overview de los datasets...
2026-03-28 22:33:27,960 - INFO - Analizando nulos...
2026-03-28 22:33:28,040 - INFO - Analizando numéricas y generando figuras clave...
2026-03-28 22:33:34,268 - INFO - Analizando categóricas...
2026-03-28 22:33:35,651 - INFO - Identificando variables objetivo...
2026-03-28 22:33:35,658 - INFO - Calculando correlaciones...
2026-03-28 22:33:38,171 - INFO - Comparando schemas...
2026-03-28 22:33:38,171 - INFO - Evaluando preparacion para modelado...
2026-03-28 22:33:38,177 - INFO - Exportando reportes Markdown...
2026-03-28 22:33:38,185 - INFO - === PIPELINE COMPLETADO EXITOSAMENTE ===
