2026-03-28 22:50:24,174 - INFO - Descubriendo datasets limpios desde normalization/eda...
2026-03-28 22:50:24,177 - INFO - Datasets descubiertos validos: ['FDM_Dataset.csv', 'Compressivedata.csv', 'TensiondataB.csv', 'Propiedades_Extraidas.csv', 'TensiondataA.csv', 'data.csv']
2026-03-28 22:50:24,177 - INFO - Verificando existencia de variables objetivo y compatibilidad...
2026-03-28 22:50:24,198 - INFO - Validando compatibilidad experimental entre datasets...
2026-03-28 22:50:24,219 - INFO - Consolidando dataset final para modelado...
2026-03-28 22:50:24,223 - INFO - data.csv procesado: 50 filas.
2026-03-28 22:50:24,230 - INFO - Dataset de modelado exportado con 50 filas. Path: data/model_input/raw_model_input.csv
2026-03-28 22:50:24,231 - INFO - Detectando posible leakage de informacion...
2026-03-28 22:50:24,237 - INFO - Aplicando feature engineering base...
2026-03-28 22:50:24,249 - INFO - Realizando split del dataset...
2026-03-28 22:50:24,266 - INFO - Split size: TRAIN(35), VAL(5), TEST(10)
2026-03-28 22:50:24,268 - INFO - Entrenando DummyRegressor...
2026-03-28 22:50:24,287 - INFO - Entrenando LinearRegression...
2026-03-28 22:50:24,309 - INFO - Entrenando Ridge...
2026-03-28 22:50:24,325 - INFO - Entrenando Lasso...
2026-03-28 22:50:24,344 - INFO - Entrenando RandomForestRegressor...
2026-03-28 22:50:24,514 - INFO - Entrenando GradientBoostingRegressor...
2026-03-28 22:50:24,589 - ERROR - Fallo critico: `Import tabulate` failed.  Use pip or conda to install the tabulate package.
2026-03-28 22:51:14,990 - INFO - Descubriendo datasets limpios desde normalization/eda...
2026-03-28 22:51:14,992 - INFO - Datasets descubiertos validos: ['FDM_Dataset.csv', 'Compressivedata.csv', 'TensiondataB.csv', 'Propiedades_Extraidas.csv', 'TensiondataA.csv', 'data.csv']
2026-03-28 22:51:14,993 - INFO - Verificando existencia de variables objetivo y compatibilidad...
2026-03-28 22:51:15,015 - INFO - Validando compatibilidad experimental entre datasets...
2026-03-28 22:51:15,016 - INFO - Consolidando dataset final para modelado...
2026-03-28 22:51:15,020 - INFO - data.csv procesado: 50 filas.
2026-03-28 22:51:15,026 - INFO - Dataset de modelado exportado con 50 filas. Path: data/model_input/raw_model_input.csv
2026-03-28 22:51:15,026 - INFO - Detectando posible leakage de informacion...
2026-03-28 22:51:15,032 - INFO - Aplicando feature engineering base...
2026-03-28 22:51:15,043 - INFO - Realizando split del dataset...
2026-03-28 22:51:15,064 - INFO - Split size: TRAIN(35), VAL(5), TEST(10)
2026-03-28 22:51:15,066 - INFO - Entrenando DummyRegressor...
2026-03-28 22:51:15,083 - INFO - Entrenando LinearRegression...
2026-03-28 22:51:15,099 - INFO - Entrenando Ridge...
2026-03-28 22:51:15,118 - INFO - Entrenando Lasso...
2026-03-28 22:51:15,138 - INFO - Entrenando RandomForestRegressor...
2026-03-28 22:51:15,296 - INFO - Entrenando GradientBoostingRegressor...
2026-03-28 22:51:15,418 - INFO - Evaluando modelos en Test Set...
2026-03-28 22:51:15,425 - ERROR - Fallo en eval de DummyRegressor: got an unexpected keyword argument 'squared'
2026-03-28 22:51:15,430 - ERROR - Fallo en eval de LinearRegression: got an unexpected keyword argument 'squared'
2026-03-28 22:51:15,436 - ERROR - Fallo en eval de Ridge: got an unexpected keyword argument 'squared'
2026-03-28 22:51:15,441 - ERROR - Fallo en eval de Lasso: got an unexpected keyword argument 'squared'
2026-03-28 22:51:15,456 - ERROR - Fallo en eval de RandomForestRegressor: got an unexpected keyword argument 'squared'
2026-03-28 22:51:15,461 - ERROR - Fallo en eval de GradientBoostingRegressor: got an unexpected keyword argument 'squared'
2026-03-28 22:51:15,462 - ERROR - Fallo critico: 'R2'
2026-03-28 22:51:50,891 - INFO - Descubriendo datasets limpios desde normalization/eda...
2026-03-28 22:51:50,892 - INFO - Datasets descubiertos validos: ['FDM_Dataset.csv', 'Compressivedata.csv', 'TensiondataB.csv', 'Propiedades_Extraidas.csv', 'TensiondataA.csv', 'data.csv']
2026-03-28 22:51:50,893 - INFO - Verificando existencia de variables objetivo y compatibilidad...
2026-03-28 22:51:50,913 - INFO - Validando compatibilidad experimental entre datasets...
2026-03-28 22:51:50,914 - INFO - Consolidando dataset final para modelado...
2026-03-28 22:51:50,917 - INFO - data.csv procesado: 50 filas.
2026-03-28 22:51:50,922 - INFO - Dataset de modelado exportado con 50 filas. Path: data/model_input/raw_model_input.csv
2026-03-28 22:51:50,923 - INFO - Detectando posible leakage de informacion...
2026-03-28 22:51:50,930 - INFO - Aplicando feature engineering base...
2026-03-28 22:51:50,941 - INFO - Realizando split del dataset...
2026-03-28 22:51:50,957 - INFO - Split size: TRAIN(35), VAL(5), TEST(10)
2026-03-28 22:51:50,959 - INFO - Entrenando DummyRegressor...
2026-03-28 22:51:50,977 - INFO - Entrenando LinearRegression...
2026-03-28 22:51:50,996 - INFO - Entrenando Ridge...
2026-03-28 22:51:51,013 - INFO - Entrenando Lasso...
2026-03-28 22:51:51,030 - INFO - Entrenando RandomForestRegressor...
2026-03-28 22:51:51,186 - INFO - Entrenando GradientBoostingRegressor...
2026-03-28 22:51:51,281 - INFO - Evaluando modelos en Test Set...
2026-03-28 22:51:51,338 - INFO - Seleccionando el modelo final basado en R2 y contexto...
2026-03-28 22:51:51,339 - INFO - Modelo seleccionado: LinearRegression (R2=0.782)
2026-03-28 22:51:51,340 - INFO - Analizando errores del modelo elegido...
2026-03-28 22:55:08,434 - INFO - Descubriendo datasets limpios desde normalization/eda...
2026-03-28 22:55:08,435 - INFO - Datasets descubiertos validos: ['FDM_Dataset.csv', 'Compressivedata.csv', 'TensiondataB.csv', 'Propiedades_Extraidas.csv', 'TensiondataA.csv', 'data.csv']
2026-03-28 22:55:08,435 - INFO - Verificando existencia de variables objetivo y compatibilidad...
2026-03-28 22:55:08,457 - INFO - Validando compatibilidad experimental entre datasets...
2026-03-28 22:55:08,458 - INFO - Consolidando dataset final para modelado...
2026-03-28 22:55:08,461 - INFO - data.csv procesado: 50 filas.
2026-03-28 22:55:08,468 - INFO - Dataset de modelado exportado con 50 filas. Path: data/model_input/raw_model_input.csv
2026-03-28 22:55:08,469 - INFO - Detectando posible leakage de informacion...
2026-03-28 22:55:08,474 - INFO - Aplicando feature engineering base...
2026-03-28 22:55:08,486 - INFO - Realizando split del dataset...
2026-03-28 22:55:08,502 - INFO - Split size: TRAIN(35), VAL(5), TEST(10)
2026-03-28 22:55:08,503 - INFO - Entrenando DummyRegressor...
2026-03-28 22:55:08,520 - INFO - Entrenando LinearRegression...
2026-03-28 22:55:08,537 - INFO - Entrenando Ridge...
2026-03-28 22:55:08,558 - INFO - Entrenando Lasso...
2026-03-28 22:55:08,575 - INFO - Entrenando RandomForestRegressor...
2026-03-28 22:55:08,734 - INFO - Entrenando GradientBoostingRegressor...
2026-03-28 22:55:08,832 - INFO - Evaluando modelos en Test Set...
2026-03-28 22:55:08,879 - INFO - Seleccionando el modelo final basado en R2 y contexto...
2026-03-28 22:55:08,880 - INFO - Modelo seleccionado: LinearRegression (R2=0.782)
2026-03-28 22:55:08,881 - INFO - Analizando errores del modelo elegido...
2026-03-28 22:57:20,805 - INFO - Descubriendo datasets limpios desde normalization/eda...
2026-03-28 22:57:20,807 - INFO - Datasets descubiertos validos: ['FDM_Dataset.csv', 'Compressivedata.csv', 'TensiondataB.csv', 'Propiedades_Extraidas.csv', 'TensiondataA.csv', 'data.csv']
2026-03-28 22:57:20,807 - INFO - Verificando existencia de variables objetivo y compatibilidad...
2026-03-28 22:57:20,829 - INFO - Validando compatibilidad experimental entre datasets...
2026-03-28 22:57:20,830 - INFO - Consolidando dataset final para modelado...
2026-03-28 22:57:20,834 - INFO - data.csv procesado: 50 filas.
2026-03-28 22:57:20,839 - INFO - Dataset de modelado exportado con 50 filas. Path: data/model_input/raw_model_input.csv
2026-03-28 22:57:20,840 - INFO - Detectando posible leakage de informacion...
2026-03-28 22:57:20,845 - INFO - Aplicando feature engineering base...
2026-03-28 22:57:20,857 - INFO - Realizando split del dataset...
2026-03-28 22:57:20,874 - INFO - Split size: TRAIN(35), VAL(5), TEST(10)
2026-03-28 22:57:20,875 - INFO - Entrenando DummyRegressor...
2026-03-28 22:57:20,893 - INFO - Entrenando LinearRegression...
2026-03-28 22:57:20,909 - INFO - Entrenando Ridge...
2026-03-28 22:57:20,927 - INFO - Entrenando Lasso...
2026-03-28 22:57:20,944 - INFO - Entrenando RandomForestRegressor...
2026-03-28 22:57:21,093 - INFO - Entrenando GradientBoostingRegressor...
2026-03-28 22:57:21,189 - INFO - Evaluando modelos en Test Set...
2026-03-28 22:57:21,234 - INFO - Seleccionando el modelo final basado en R2 y contexto...
2026-03-28 22:57:21,235 - INFO - Modelo seleccionado: LinearRegression (R2=0.782)
2026-03-28 22:57:21,236 - INFO - Analizando errores del modelo elegido...
2026-03-28 22:57:21,249 - INFO - === PIPELINE COMPLETADO EXITOSAMENTE ===
2026-03-28 23:55:56,723 - INFO - INICIANDO PIPELINE DE COMPRESION ESTRECHA
2026-03-28 23:55:56,725 - INFO - Buscando fuente maestra de compresion...
2026-03-28 23:55:56,727 - INFO - Fuente maestra seleccionada: high_confidence_dataset.csv
2026-03-28 23:55:56,729 - INFO - Validando integridad estructural de la fuente maestra...
2026-03-28 23:55:56,736 - INFO - Validacion exitosa: dataset compresivo confirmado.
2026-03-28 23:55:56,737 - INFO - Cargando dataset maestro desde ..\specimen_linkage\data\linked_dataset\high_confidence_dataset.csv
2026-03-28 23:55:56,749 - INFO - Filtrando e inyectando features fisico-mecanicas...
2026-03-28 23:55:56,753 - INFO - Estratificando master dataset en Train/Val/Test...
2026-03-28 23:55:56,754 - INFO - GroupShuffleSplit activado usando: specimen_id
2026-03-28 23:55:56,777 - INFO - Ensamblando column transformers y entrenando algoritmos aprobados...
2026-03-28 23:55:56,930 - ERROR - Falla de procesamiento en arquitectura re-dirigida: 'RandomForestRegressor' object has no attribute 'estimators_'
2026-03-29 00:01:48,245 - INFO - INICIANDO PIPELINE DE COMPRESION ESTRECHA
2026-03-29 00:01:48,247 - INFO - Buscando fuente maestra de compresion...
2026-03-29 00:01:48,249 - INFO - Fuente maestra seleccionada: high_confidence_dataset.csv
2026-03-29 00:01:48,270 - INFO - Validando integridad estructural de la fuente maestra...
2026-03-29 00:01:48,275 - INFO - Validacion exitosa: dataset compresivo confirmado.
2026-03-29 00:01:48,276 - INFO - Cargando dataset maestro desde ..\specimen_linkage\data\linked_dataset\high_confidence_dataset.csv
2026-03-29 00:01:48,288 - INFO - Filtrando e inyectando features fisico-mecanicas...
2026-03-29 00:01:48,293 - INFO - Estratificando master dataset en Train/Val/Test...
2026-03-29 00:01:48,294 - INFO - GroupShuffleSplit activado usando: specimen_id
2026-03-29 00:01:48,311 - INFO - Ensamblando column transformers y entrenando algoritmos aprobados...
2026-03-29 00:01:48,383 - ERROR - Falla de procesamiento en arquitectura re-dirigida: 'RandomForestRegressor' object has no attribute 'estimators_'
2026-03-29 00:02:17,965 - INFO - INICIANDO PIPELINE DE COMPRESION ESTRECHA
2026-03-29 00:02:17,967 - INFO - Buscando fuente maestra de compresion...
2026-03-29 00:02:17,969 - INFO - Fuente maestra seleccionada: high_confidence_dataset.csv
2026-03-29 00:02:17,971 - INFO - Validando integridad estructural de la fuente maestra...
2026-03-29 00:02:17,976 - INFO - Validacion exitosa: dataset compresivo confirmado.
2026-03-29 00:02:17,976 - INFO - Cargando dataset maestro desde ..\specimen_linkage\data\linked_dataset\high_confidence_dataset.csv
2026-03-29 00:02:17,989 - INFO - Filtrando e inyectando features fisico-mecanicas...
2026-03-29 00:02:17,995 - INFO - Estratificando master dataset en Train/Val/Test...
2026-03-29 00:02:17,996 - INFO - GroupShuffleSplit activado usando: specimen_id
2026-03-29 00:02:18,013 - INFO - Ensamblando column transformers y entrenando algoritmos aprobados...
2026-03-29 00:02:18,087 - ERROR - Falla de procesamiento en arquitectura re-dirigida: 'RandomForestRegressor' object has no attribute 'estimators_'
2026-03-29 00:02:46,918 - INFO - INICIANDO PIPELINE DE COMPRESION ESTRECHA
2026-03-29 00:02:46,920 - INFO - Buscando fuente maestra de compresion...
2026-03-29 00:02:46,922 - INFO - Fuente maestra seleccionada: high_confidence_dataset.csv
2026-03-29 00:02:46,923 - INFO - Validando integridad estructural de la fuente maestra...
2026-03-29 00:02:46,929 - INFO - Validacion exitosa: dataset compresivo confirmado.
2026-03-29 00:02:46,930 - INFO - Cargando dataset maestro desde ..\specimen_linkage\data\linked_dataset\high_confidence_dataset.csv
2026-03-29 00:02:46,942 - INFO - Filtrando e inyectando features fisico-mecanicas...
2026-03-29 00:02:46,947 - INFO - Estratificando master dataset en Train/Val/Test...
2026-03-29 00:02:46,949 - INFO - GroupShuffleSplit activado usando: specimen_id
2026-03-29 00:02:46,990 - INFO - Ensamblando column transformers y entrenando algoritmos aprobados...
2026-03-29 00:02:47,262 - INFO - Testeando metricas de todos los pipelines validos...
2026-03-29 00:02:47,375 - INFO - Tomando decision sobre modelo productivo para serializacion...
2026-03-29 00:02:47,378 - INFO - Realizando analisis dimensional del error...
2026-03-29 00:02:47,394 - INFO - Empacando modelo triunfador en sistema de archivos artifacts/...
2026-03-29 00:02:47,413 - INFO - Modelo final listado y exportado exitosamente. FIN DE INFERENCIA 2026-03-29 00:02:47.
2026-03-29 00:02:47,415 - INFO - PIPELINE END TO END EXITOSA
2026-03-29 00:08:06,501 - INFO - INICIANDO RECONSTRUCCION PIPELINE DE COMPRESION
2026-03-29 00:08:06,503 - INFO - Buscando fuente maestra de compresion...
2026-03-29 00:08:06,505 - INFO - Fuente maestra seleccionada: high_confidence_dataset.csv
2026-03-29 00:08:06,507 - INFO - Validando integridad estructural de la fuente maestra...
2026-03-29 00:08:06,513 - INFO - Validacion exitosa: dataset compresivo confirmado.
2026-03-29 00:08:06,513 - INFO - Cargando dataset maestro desde ..\specimen_linkage\data\linked_dataset\high_confidence_dataset.csv
2026-03-29 00:08:06,526 - INFO - Filtrando e inyectando features fisico-mecanicas...
2026-03-29 00:08:06,531 - INFO - Estratificando master dataset en Train/Val/Test...
2026-03-29 00:08:06,532 - INFO - GroupShuffleSplit activado usando: specimen_id
2026-03-29 00:08:06,584 - INFO - Entrenando modelos y realizando sintonizacion basica...
2026-03-29 00:08:06,606 - INFO - Entrenado DummyRegressor con default.
2026-03-29 00:08:06,621 - INFO - Entrenado LinearRegression con default.
2026-03-29 00:08:07,061 - INFO - Sintonizado Ridge: Mejor R2 CV=0.181
2026-03-29 00:08:07,428 - INFO - Sintonizado Lasso: Mejor R2 CV=0.003
2026-03-29 00:08:07,449 - INFO - Entrenado ElasticNet con default.
2026-03-29 00:08:10,023 - INFO - Sintonizado RandomForestRegressor: Mejor R2 CV=0.378
2026-03-29 00:08:11,573 - INFO - Sintonizado GradientBoostingRegressor: Mejor R2 CV=0.418
2026-03-29 00:08:11,573 - INFO - Testeando metricas de todos los pipelines validos...
2026-03-29 00:08:11,698 - INFO - Tomando decision sobre modelo productivo para serializacion...
2026-03-29 00:08:11,702 - INFO - Realizando analisis dimensional del error...
2026-03-29 00:08:11,721 - INFO - Empacando modelo triunfador en sistema de archivos artifacts/...
2026-03-29 00:08:11,782 - INFO - Modelo final listado y exportado exitosamente. FIN DE INFERENCIA 2026-03-29 00:08:11.
2026-03-29 00:08:11,783 - INFO - RECONSTRUCCION DE PIPELINE COMPLETADA EXITOSAMENTE
2026-03-29 00:08:46,248 - INFO - INICIANDO RECONSTRUCCION PIPELINE DE COMPRESION
2026-03-29 00:08:46,249 - INFO - Buscando fuente maestra de compresion...
2026-03-29 00:08:46,251 - INFO - Fuente maestra seleccionada: high_confidence_dataset.csv
2026-03-29 00:08:46,252 - INFO - Validando integridad estructural de la fuente maestra...
2026-03-29 00:08:46,259 - INFO - Validacion exitosa: dataset compresivo confirmado.
2026-03-29 00:08:46,260 - INFO - Cargando dataset maestro desde ..\specimen_linkage\data\linked_dataset\high_confidence_dataset.csv
2026-03-29 00:08:46,273 - INFO - Filtrando e inyectando features fisico-mecanicas...
2026-03-29 00:08:46,280 - INFO - Estratificando master dataset en Train/Val/Test...
2026-03-29 00:08:46,282 - INFO - Split Aleatorio activado
2026-03-29 00:08:46,300 - INFO - Entrenando modelos y realizando sintonizacion basica...
2026-03-29 00:08:46,316 - INFO - Entrenado DummyRegressor con default.
2026-03-29 00:08:46,330 - INFO - Entrenado LinearRegression con default.
2026-03-29 00:08:46,654 - INFO - Sintonizado Ridge: Mejor R2 CV=0.968
2026-03-29 00:08:47,032 - INFO - Sintonizado Lasso: Mejor R2 CV=0.971
2026-03-29 00:08:47,047 - INFO - Entrenado ElasticNet con default.
2026-03-29 00:08:49,391 - INFO - Sintonizado RandomForestRegressor: Mejor R2 CV=0.909
2026-03-29 00:08:50,769 - INFO - Sintonizado GradientBoostingRegressor: Mejor R2 CV=0.826
2026-03-29 00:08:50,769 - INFO - Testeando metricas de todos los pipelines validos...
2026-03-29 00:08:50,863 - INFO - Tomando decision sobre modelo productivo para serializacion...
2026-03-29 00:08:50,865 - INFO - Realizando analisis dimensional del error...
2026-03-29 00:08:50,878 - INFO - Empacando modelo triunfador en sistema de archivos artifacts/...
2026-03-29 00:08:50,914 - INFO - Modelo final listado y exportado exitosamente. FIN DE INFERENCIA 2026-03-29 00:08:50.
2026-03-29 00:08:50,915 - INFO - RECONSTRUCCION DE PIPELINE COMPLETADA EXITOSAMENTE
