2026-03-28 23:43:42,116 [INFO] ============================================================
2026-03-28 23:43:42,116 [INFO]   COMPRESSION GRAPHICS — PLA_3dPrinter_RESISTENCE
2026-03-28 23:43:42,117 [INFO] ============================================================
2026-03-28 23:43:42,117 [INFO] 
[1/8] Descubriendo fuentes...
2026-03-28 23:43:42,118 [INFO] === Descubrimiento de fuentes de compresión ===
2026-03-28 23:43:42,122 [INFO]   specimen_linkage high_confidence: exists=True | has_target=True | has_forbidden=False
2026-03-28 23:43:42,125 [INFO]   specimen_linkage expanded_with_caution: exists=True | has_target=True | has_forbidden=False
2026-03-28 23:43:42,128 [INFO]   model_data_audit candidate_A: exists=True | has_target=True | has_forbidden=False
2026-03-28 23:43:42,129 [WARNING]   FORBIDDEN source exists (will not be used): model_pipeline/data/model_input/raw_model_input.csv
2026-03-28 23:43:42,130 [WARNING]   FORBIDDEN source exists (will not be used): model_data_audit/artifacts/candidate_targets/candidate_B_data_only.csv
2026-03-28 23:43:42,130 [WARNING]   FORBIDDEN source exists (will not be used): Normalization/cleaned/data_cleaned.csv
2026-03-28 23:43:42,131 [WARNING]   FORBIDDEN source exists (will not be used): Normalization/cleaned/TensiondataA_cleaned.csv
2026-03-28 23:43:42,132 [WARNING]   FORBIDDEN source exists (will not be used): Normalization/cleaned/TensiondataB_cleaned.csv
2026-03-28 23:43:42,134 [INFO] 
[2/8] Validando fuentes de compresión...
2026-03-28 23:43:42,135 [INFO] === Validación de fuentes de compresión ===
2026-03-28 23:43:42,139 [INFO]   specimen_linkage_hc: VALID — selected as primary source
2026-03-28 23:43:42,142 [INFO]   specimen_linkage_exp: VALID — available as fallback
2026-03-28 23:43:42,146 [INFO]   audit_candidate_A: VALID — available as fallback
2026-03-28 23:43:42,149 [INFO]   Source validation complete. Chosen: specimen_linkage_hc
2026-03-28 23:43:42,149 [INFO]   Chosen source: specimen_linkage_hc
2026-03-28 23:43:42,150 [INFO] 
[3/8] Cargando dataset e inspeccionando columnas...
2026-03-28 23:43:42,150 [INFO] === Cargando dataset final: specimen_linkage_hc ===
2026-03-28 23:43:42,154 [INFO]   Loaded: 35 rows × 17 cols
2026-03-28 23:43:42,154 [INFO] === Inspección de columnas del dataset ===
2026-03-28 23:43:42,166 [INFO]   Target col: 'compressive_strength' | null%=0.0 | avail_num_feat=2 | avail_cat_feat=6
2026-03-28 23:43:42,166 [INFO]   Usable features for model: ['design_param_numeric', 'design_param_relative', 'specimen_id', 'structure_type', 'infill_pattern', 'replica_letter', 'source_dataset', 'linkage_confidence']
2026-03-28 23:43:42,167 [INFO] 
[4/8] Gráficos de calidad del dataset...
2026-03-28 23:43:42,168 [INFO]   [quality] Generating dataset quality plots...
2026-03-28 23:43:42,429 [INFO]   [saved] Q01_missing_values_heatbar.png
2026-03-28 23:43:42,636 [INFO]   [saved] Q02_valid_obs_per_column.png
2026-03-28 23:44:27,117 [INFO] ============================================================
2026-03-28 23:44:27,117 [INFO]   COMPRESSION GRAPHICS — PLA_3dPrinter_RESISTENCE
2026-03-28 23:44:27,118 [INFO] ============================================================
2026-03-28 23:44:27,118 [INFO] 
[1/8] Descubriendo fuentes...
2026-03-28 23:44:27,119 [INFO] === Descubrimiento de fuentes de compresión ===
2026-03-28 23:44:27,123 [INFO]   specimen_linkage high_confidence: exists=True | has_target=True | has_forbidden=False
2026-03-28 23:44:27,126 [INFO]   specimen_linkage expanded_with_caution: exists=True | has_target=True | has_forbidden=False
2026-03-28 23:44:27,128 [INFO]   model_data_audit candidate_A: exists=True | has_target=True | has_forbidden=False
2026-03-28 23:44:27,128 [WARNING]   FORBIDDEN source exists (will not be used): model_pipeline/data/model_input/raw_model_input.csv
2026-03-28 23:44:27,129 [WARNING]   FORBIDDEN source exists (will not be used): model_data_audit/artifacts/candidate_targets/candidate_B_data_only.csv
2026-03-28 23:44:27,130 [WARNING]   FORBIDDEN source exists (will not be used): Normalization/cleaned/data_cleaned.csv
2026-03-28 23:44:27,131 [WARNING]   FORBIDDEN source exists (will not be used): Normalization/cleaned/TensiondataA_cleaned.csv
2026-03-28 23:44:27,132 [WARNING]   FORBIDDEN source exists (will not be used): Normalization/cleaned/TensiondataB_cleaned.csv
2026-03-28 23:44:27,133 [INFO] 
[2/8] Validando fuentes de compresión...
2026-03-28 23:44:27,134 [INFO] === Validación de fuentes de compresión ===
2026-03-28 23:44:27,138 [INFO]   specimen_linkage_hc: VALID — selected as primary source
2026-03-28 23:44:27,140 [INFO]   specimen_linkage_exp: VALID — available as fallback
2026-03-28 23:44:27,142 [INFO]   audit_candidate_A: VALID — available as fallback
2026-03-28 23:44:27,145 [INFO]   Source validation complete. Chosen: specimen_linkage_hc
2026-03-28 23:44:27,145 [INFO]   Chosen source: specimen_linkage_hc
2026-03-28 23:44:27,146 [INFO] 
[3/8] Cargando dataset e inspeccionando columnas...
2026-03-28 23:44:27,146 [INFO] === Cargando dataset final: specimen_linkage_hc ===
2026-03-28 23:44:27,148 [INFO]   Loaded: 35 rows × 17 cols
2026-03-28 23:44:27,149 [INFO] === Inspección de columnas del dataset ===
2026-03-28 23:44:27,155 [INFO]   Target col: 'compressive_strength' | null%=0.0 | avail_num_feat=2 | avail_cat_feat=6
2026-03-28 23:44:27,156 [INFO]   Usable features for model: ['design_param_numeric', 'design_param_relative', 'specimen_id', 'structure_type', 'infill_pattern', 'replica_letter', 'source_dataset', 'linkage_confidence']
2026-03-28 23:44:27,157 [INFO] 
[4/8] Gráficos de calidad del dataset...
2026-03-28 23:44:27,158 [INFO]   [quality] Generating dataset quality plots...
2026-03-28 23:44:27,515 [INFO]   [saved] Q01_missing_values_heatbar.png
2026-03-28 23:44:27,701 [INFO]   [saved] Q02_valid_obs_per_column.png
2026-03-28 23:44:27,872 [INFO]   [saved] Q03_linkage_confidence_distribution.png
2026-03-28 23:44:27,957 [INFO]   [saved] Q04_specimens_by_source.png
2026-03-28 23:44:28,117 [INFO]   [saved] Q05_feature_completeness.png
2026-03-28 23:44:28,117 [INFO]   [quality] 5 plots generated.
2026-03-28 23:44:28,117 [INFO] 
[5/8] Gráficos del target...
2026-03-28 23:44:28,118 [INFO]   [targets] Generating target distribution plots...
2026-03-28 23:44:28,458 [INFO]   [saved] T01_target_histogram_kde.png
2026-03-28 23:44:28,688 [INFO]   [saved] T02_target_boxplot_ranges.png
2026-03-28 23:44:28,850 [INFO]   [saved] T03_target_qqplot.png
2026-03-28 23:44:28,956 [INFO]   [saved] T04_target_stats_summary.png
2026-03-28 23:44:28,956 [INFO]   [targets] 4 plots generated.
2026-03-28 23:44:28,957 [INFO] 
[6/8] Gráficos de relaciones feature-target...
2026-03-28 23:44:28,957 [INFO]   [relationships] Generating feature-target relationship plots...
2026-03-28 23:44:29,278 [INFO]   [saved] R01_numeric_features_vs_target.png
2026-03-28 23:44:29,560 [INFO]   [saved] R02_correlation_heatmap.png
2026-03-28 23:44:29,771 [INFO]   [saved] R03_design_param_vs_target_by_structure.png
2026-03-28 23:44:29,771 [INFO]   [relationships] 3 plots generated.
2026-03-28 23:44:29,772 [INFO] 
[7/8] Gráficos de comparaciones por grupo...
2026-03-28 23:44:29,772 [INFO]   [comparisons] Generating group comparison plots...
2026-03-28 23:44:30,043 [INFO]   [saved] CST_boxplot_mean_by_structure_type.png
2026-03-28 23:44:30,299 [INFO]   [saved] CIN_boxplot_mean_by_infill_pattern.png
2026-03-28 23:44:30,506 [INFO]   [saved] C03_target_by_structure_and_param.png
2026-03-28 23:44:30,720 [INFO]   [saved] C04_replica_variability_cv.png
2026-03-28 23:44:30,721 [INFO]   [comparisons] 4 plots generated.
2026-03-28 23:44:30,721 [INFO] 
[7b/8] Gráficos de linkage y trazabilidad...
2026-03-28 23:44:30,722 [INFO]   [linkage] Generating linkage and traceability plots...
2026-03-28 23:44:30,921 [INFO]   [saved] L01_linkage_confidence_overview.png
2026-03-28 23:44:31,356 [INFO]   [saved] L02_specimen_feature_completeness_heatmap.png
2026-03-28 23:44:31,566 [INFO]   [saved] L03_feature_availability_status.png
2026-03-28 23:44:31,890 [INFO]   [saved] L04_readings_vs_strength_per_specimen.png
2026-03-28 23:44:31,891 [INFO]   [linkage] 4 plots generated.
2026-03-28 23:44:31,891 [INFO] 
[7c/8] Gráficos resumen ejecutivos...
2026-03-28 23:44:31,892 [INFO]   [summaries] Generating executive summary plots...
2026-03-28 23:44:32,428 [INFO]   [saved] S01_executive_summary.png
2026-03-28 23:44:32,649 [INFO]   [saved] S02_feature_signal_summary.png
2026-03-28 23:44:32,833 [INFO]   [saved] S03_dataset_limitations.png
2026-03-28 23:44:32,834 [INFO]   [summaries] 3 summary plots generated.
2026-03-28 23:44:32,834 [INFO] 
[8/8] Exportando catálogo y reportes...
2026-03-28 23:44:32,835 [INFO] === Exportando catálogo y reportes ===
2026-03-28 23:44:32,845 [INFO]   Catalog: 23 entries | CSV: outputs\catalogs\figure_catalog.csv
2026-03-28 23:44:32,846 [INFO] 
============================================================
2026-03-28 23:44:32,846 [INFO]   COMPRESSION GRAPHICS COMPLETADO
2026-03-28 23:44:32,847 [INFO]   Dataset usado: specimen_linkage_hc
2026-03-28 23:44:32,847 [INFO]   Figuras generadas: 23
2026-03-28 23:44:32,848 [INFO]   Bloques con error: 0
2026-03-28 23:44:32,848 [INFO] ============================================================
