2026-03-28 23:03:40,049 - INFO - Cargando splits del dataset modelable...
2026-03-28 23:03:40,057 - INFO - Cargados: Train(35), Val(5), Test(10)
2026-03-28 23:03:40,057 - INFO - Validando dataset antes de seleccion...
2026-03-28 23:03:40,058 - INFO - Corriendo evaluacion base (Baselines)...
2026-03-28 23:03:40,062 - INFO - Usando Cross-Validation con 5 splits
2026-03-28 23:04:17,355 - INFO - Cargando splits del dataset modelable...
2026-03-28 23:04:17,362 - INFO - Cargados: Train(35), Val(5), Test(10)
2026-03-28 23:04:17,363 - INFO - Validando dataset antes de seleccion...
2026-03-28 23:04:17,364 - INFO - Corriendo evaluacion base (Baselines)...
2026-03-28 23:04:17,387 - INFO - Usando Cross-Validation con 5 splits
2026-03-28 23:04:18,805 - INFO - Sintonizando hiperparametros de candidatos top...
2026-03-28 23:04:19,019 - INFO - Tuning Ridge completado. Mejor R2 CV = 0.602
2026-03-28 23:04:19,226 - INFO - Tuning Lasso completado. Mejor R2 CV = 0.675
2026-03-28 23:04:19,619 - INFO - Tuning ElasticNet completado. Mejor R2 CV = 0.635
2026-03-28 23:04:25,001 - INFO - Tuning RandomForestRegressor completado. Mejor R2 CV = 0.704
2026-03-28 23:04:26,986 - INFO - Tuning GradientBoostingRegressor completado. Mejor R2 CV = 0.576
2026-03-28 23:04:26,986 - INFO - Evaluando y comparando todos los pipelines en el Set de Test...
2026-03-28 23:04:27,033 - INFO - Verificando criterios y determinando ganador...
2026-03-28 23:04:27,034 - INFO - Ganador Determinado: LinearRegression (R2=0.782)
2026-03-28 23:04:27,035 - INFO - Exportando artefactos del modelo ganador...
2026-03-28 23:04:27,104 - INFO - === SELECCION DE MODELO COMPLETADA EXITOSAMENTE ===
