2026-03-28 22:25:10,160 - INFO - === INICIANDO PIPELINE DE NORMALIZACIÓN ===
2026-03-28 22:25:10,161 - INFO - Escaneando directorio base: c:/dev/PLA_3dPrinter_RESISTENCE/data
2026-03-28 22:25:10,165 - INFO - Se encontraron 10 archivos relevantes.
2026-03-28 22:25:10,176 - INFO - Buscando archivos ZIP en el registro...
2026-03-28 22:25:10,177 - INFO - Detectando duplicados...
2026-03-28 22:25:10,305 - INFO - Se encontraron 2 posibles duplicados.
2026-03-28 22:25:10,320 - INFO - Iniciando perfilado de datasets...
2026-03-28 22:25:10,321 - INFO - Perfilando FDM_Dataset.csv...
2026-03-28 22:25:10,354 - INFO - Perfilando Compressivedata.csv...
2026-03-28 22:25:10,371 - INFO - Perfilando TensiondataB.csv...
2026-03-28 22:25:10,382 - INFO - Perfilando Compressivedata.csv...
2026-03-28 22:25:10,399 - INFO - Perfilando Propiedades_Extraidas.csv...
2026-03-28 22:25:10,405 - INFO - Perfilando TensiondataA.csv...
2026-03-28 22:25:10,422 - INFO - Perfilando TensiondataB.csv...
2026-03-28 22:25:10,432 - INFO - Perfilando data.csv...
2026-03-28 22:25:10,441 - INFO - Perfilado completado.
2026-03-28 22:25:10,443 - INFO - Estandarizando columnas a snake_case...
2026-03-28 22:25:43,259 - INFO - === INICIANDO PIPELINE DE NORMALIZACIÓN ===
2026-03-28 22:25:43,260 - INFO - Escaneando directorio base: c:/dev/PLA_3dPrinter_RESISTENCE/data
2026-03-28 22:25:43,264 - INFO - Se encontraron 10 archivos relevantes.
2026-03-28 22:25:43,267 - INFO - Buscando archivos ZIP en el registro...
2026-03-28 22:25:43,268 - INFO - Detectando duplicados...
2026-03-28 22:25:43,374 - INFO - Se encontraron 2 posibles duplicados.
2026-03-28 22:25:43,376 - INFO - Iniciando perfilado de datasets...
2026-03-28 22:25:43,377 - INFO - Perfilando FDM_Dataset.csv...
2026-03-28 22:25:43,387 - INFO - Perfilando Compressivedata.csv...
2026-03-28 22:25:43,412 - INFO - Perfilando TensiondataB.csv...
2026-03-28 22:25:43,427 - INFO - Perfilando Compressivedata.csv...
2026-03-28 22:25:43,456 - INFO - Perfilando Propiedades_Extraidas.csv...
2026-03-28 22:25:43,466 - INFO - Perfilando TensiondataA.csv...
2026-03-28 22:25:43,483 - INFO - Perfilando TensiondataB.csv...
2026-03-28 22:25:43,494 - INFO - Perfilando data.csv...
2026-03-28 22:25:43,499 - INFO - Perfilado completado.
2026-03-28 22:25:43,501 - INFO - Estandarizando columnas a snake_case...
2026-03-28 22:25:46,092 - INFO - Columnas estandarizadas.
2026-03-28 22:25:46,092 - ERROR - FALLO CRÍTICO EN PIPELINE: name 'clean_values' is not defined
2026-03-28 22:26:16,067 - INFO - === INICIANDO PIPELINE DE NORMALIZACIÓN ===
2026-03-28 22:26:16,067 - INFO - Escaneando directorio base: c:/dev/PLA_3dPrinter_RESISTENCE/data
2026-03-28 22:26:16,071 - INFO - Se encontraron 10 archivos relevantes.
2026-03-28 22:26:16,073 - INFO - Buscando archivos ZIP en el registro...
2026-03-28 22:26:16,075 - INFO - Detectando duplicados...
2026-03-28 22:26:16,181 - INFO - Se encontraron 2 posibles duplicados.
2026-03-28 22:26:16,184 - INFO - Iniciando perfilado de datasets...
2026-03-28 22:26:16,184 - INFO - Perfilando FDM_Dataset.csv...
2026-03-28 22:26:16,201 - INFO - Perfilando Compressivedata.csv...
2026-03-28 22:26:16,223 - INFO - Perfilando TensiondataB.csv...
2026-03-28 22:26:16,234 - INFO - Perfilando Compressivedata.csv...
2026-03-28 22:26:16,249 - INFO - Perfilando Propiedades_Extraidas.csv...
2026-03-28 22:26:16,255 - INFO - Perfilando TensiondataA.csv...
2026-03-28 22:26:16,271 - INFO - Perfilando TensiondataB.csv...
2026-03-28 22:26:16,281 - INFO - Perfilando data.csv...
2026-03-28 22:26:16,287 - INFO - Perfilado completado.
2026-03-28 22:26:16,289 - INFO - Estandarizando columnas a snake_case...
2026-03-28 22:26:18,446 - INFO - Columnas estandarizadas.
2026-03-28 22:26:18,449 - INFO - Limpiando valores en los datasets no duplicados...
2026-03-28 22:26:18,450 - INFO - Limpiando FDM_Dataset.csv
2026-03-28 22:26:18,458 - INFO - Limpiando Compressivedata.csv
2026-03-28 22:26:20,553 - INFO - Limpiando TensiondataB.csv
2026-03-28 22:26:20,672 - INFO - Limpiando Propiedades_Extraidas.csv
2026-03-28 22:26:20,685 - INFO - Limpiando TensiondataA.csv
2026-03-28 22:26:21,201 - INFO - Limpiando data.csv
2026-03-28 22:26:21,209 - INFO - Limpieza de valores completada.
2026-03-28 22:26:21,220 - INFO - Clasificando calidad de datasets limpios...
2026-03-28 22:26:22,417 - INFO - Validación y clasificación completada.
2026-03-28 22:26:22,427 - INFO - Exportando reporte ejecutivo summary.md ...
2026-03-28 22:26:22,429 - INFO - === PIPELINE COMPLETADO EXITOSAMENTE ===
